[0.243s] Invoking command in '/home/saifhs/dev_ws/build/urg_node2': CMAKE_PREFIX_PATH=${CMAKE_PREFIX_PATH}:/home/saifhs/dev_ws/install/iwr6843aop_pub:/opt/ros/humble /usr/bin/cmake --build /home/saifhs/dev_ws/build/urg_node2 -- -j4 -l4
[0.373s] [ 45%] Built target urg_c
[0.385s] [ 55%] Built target gtest_main
[0.387s] [ 65%] Built target gtest
[0.411s] [ 75%] Built target urg_node2_node
[0.444s] [ 85%] Built target urg_node2
[0.445s] [100%] Built target urg_node2_test
[0.457s] Invoked command in '/home/saifhs/dev_ws/build/urg_node2' returned '0': CMAKE_PREFIX_PATH=${CMAKE_PREFIX_PATH}:/home/saifhs/dev_ws/install/iwr6843aop_pub:/opt/ros/humble /usr/bin/cmake --build /home/saifhs/dev_ws/build/urg_node2 -- -j4 -l4
[0.558s] Invoking command in '/home/saifhs/dev_ws/build/urg_node2': CMAKE_PREFIX_PATH=${CMAKE_PREFIX_PATH}:/home/saifhs/dev_ws/install/iwr6843aop_pub:/opt/ros/humble /usr/bin/cmake --install /home/saifhs/dev_ws/build/urg_node2
[0.567s] -- Install configuration: ""
[0.568s] -- Execute custom install script
[0.569s] -- Up-to-date symlink: /home/saifhs/dev_ws/install/urg_node2/lib/urg_node2/urg_node2_node
[0.570s] -- Up-to-date symlink: /home/saifhs/dev_ws/install/urg_node2/lib/liburg_node2.so
[0.570s] -- Up-to-date symlink: /home/saifhs/dev_ws/install/urg_node2/lib/liburg_c.so
[0.572s] -- Up-to-date symlink: /home/saifhs/dev_ws/install/urg_node2/share/urg_node2/launch/urg_node2.launch.py
[0.572s] -- Up-to-date symlink: /home/saifhs/dev_ws/install/urg_node2/share/urg_node2/launch/urg_node2_2lidar.launch.py
[0.573s] -- Up-to-date symlink: /home/saifhs/dev_ws/install/urg_node2/share/urg_node2/launch/urg_node2_component.launch.py
[0.574s] -- Up-to-date symlink: /home/saifhs/dev_ws/install/urg_node2/share/urg_node2/config/params_ether.yaml
[0.574s] -- Up-to-date symlink: /home/saifhs/dev_ws/install/urg_node2/share/urg_node2/config/params_ether_2nd.yaml
[0.574s] -- Up-to-date symlink: /home/saifhs/dev_ws/install/urg_node2/share/urg_node2/config/params_serial.yaml
[0.575s] -- Up-to-date symlink: /home/saifhs/dev_ws/install/urg_node2/share/ament_index/resource_index/package_run_dependencies/urg_node2
[0.576s] -- Up-to-date symlink: /home/saifhs/dev_ws/install/urg_node2/share/ament_index/resource_index/parent_prefix_path/urg_node2
[0.576s] -- Up-to-date symlink: /home/saifhs/dev_ws/install/urg_node2/share/urg_node2/environment/ament_prefix_path.sh
[0.576s] -- Up-to-date symlink: /home/saifhs/dev_ws/install/urg_node2/share/urg_node2/environment/ament_prefix_path.dsv
[0.577s] -- Up-to-date symlink: /home/saifhs/dev_ws/install/urg_node2/share/urg_node2/environment/path.sh
[0.577s] -- Up-to-date symlink: /home/saifhs/dev_ws/install/urg_node2/share/urg_node2/environment/path.dsv
[0.578s] -- Up-to-date symlink: /home/saifhs/dev_ws/install/urg_node2/share/urg_node2/local_setup.bash
[0.578s] -- Up-to-date symlink: /home/saifhs/dev_ws/install/urg_node2/share/urg_node2/local_setup.sh
[0.579s] -- Up-to-date symlink: /home/saifhs/dev_ws/install/urg_node2/share/urg_node2/local_setup.zsh
[0.579s] -- Up-to-date symlink: /home/saifhs/dev_ws/install/urg_node2/share/urg_node2/local_setup.dsv
[0.579s] -- Symlinking: /home/saifhs/dev_ws/install/urg_node2/share/urg_node2/package.dsv
[0.588s] -- Up-to-date symlink: /home/saifhs/dev_ws/install/urg_node2/share/ament_index/resource_index/packages/urg_node2
[0.590s] -- Up-to-date symlink: /home/saifhs/dev_ws/install/urg_node2/share/ament_index/resource_index/rclcpp_components/urg_node2
[0.591s] -- Up-to-date symlink: /home/saifhs/dev_ws/install/urg_node2/share/urg_node2/cmake/urg_node2Config.cmake
[0.591s] -- Up-to-date symlink: /home/saifhs/dev_ws/install/urg_node2/share/urg_node2/cmake/urg_node2Config-version.cmake
[0.591s] -- Up-to-date symlink: /home/saifhs/dev_ws/install/urg_node2/share/urg_node2/package.xml
[0.597s] Invoked command in '/home/saifhs/dev_ws/build/urg_node2' returned '0': CMAKE_PREFIX_PATH=${CMAKE_PREFIX_PATH}:/home/saifhs/dev_ws/install/iwr6843aop_pub:/opt/ros/humble /usr/bin/cmake --install /home/saifhs/dev_ws/build/urg_node2
