[0.017s] Invoking command in '/home/saifhs/dev_ws/build/actiabot': CMAKE_PREFIX_PATH=${CMAKE_PREFIX_PATH}:/opt/ros/humble /usr/bin/cmake --build /home/saifhs/dev_ws/build/actiabot -- -j4 -l4
[0.116s] Invoked command in '/home/saifhs/dev_ws/build/actiabot' returned '0': CMAKE_PREFIX_PATH=${CMAKE_PREFIX_PATH}:/opt/ros/humble /usr/bin/cmake --build /home/saifhs/dev_ws/build/actiabot -- -j4 -l4
[0.190s] Invoking command in '/home/saifhs/dev_ws/build/actiabot': CMAKE_PREFIX_PATH=${CMAKE_PREFIX_PATH}:/opt/ros/humble /usr/bin/cmake --install /home/saifhs/dev_ws/build/actiabot
[0.204s] -- Install configuration: ""
[0.205s] -- Execute custom install script
[0.205s] -- Symlinking: /home/saifhs/dev_ws/install/actiabot/share/actiabot/config/drive_bot.rviz
[0.219s] -- Up-to-date symlink: /home/saifhs/dev_ws/install/actiabot/share/actiabot/config/empty.yaml
[0.219s] -- Up-to-date symlink: /home/saifhs/dev_ws/install/actiabot/share/actiabot/config/view_bot.rviz
[0.220s] -- Up-to-date symlink: /home/saifhs/dev_ws/install/actiabot/share/actiabot/description/gazebo_control.xacro
[0.221s] -- Up-to-date symlink: /home/saifhs/dev_ws/install/actiabot/share/actiabot/description/inertial_macros.xacro
[0.221s] -- Up-to-date symlink: /home/saifhs/dev_ws/install/actiabot/share/actiabot/description/robot.urdf.xacro
[0.221s] -- Up-to-date symlink: /home/saifhs/dev_ws/install/actiabot/share/actiabot/description/robot_core.xacro
[0.222s] -- Up-to-date symlink: /home/saifhs/dev_ws/install/actiabot/share/actiabot/launch/launch_sim.launch.py
[0.223s] -- Up-to-date symlink: /home/saifhs/dev_ws/install/actiabot/share/actiabot/launch/rsp.launch.py
[0.223s] -- Up-to-date symlink: /home/saifhs/dev_ws/install/actiabot/share/actiabot/worlds/empty.world
[0.223s] -- Symlinking: /home/saifhs/dev_ws/install/actiabot/share/actiabot/worlds/obstacles.world
[0.237s] -- Up-to-date symlink: /home/saifhs/dev_ws/install/actiabot/share/ament_index/resource_index/package_run_dependencies/actiabot
[0.237s] -- Up-to-date symlink: /home/saifhs/dev_ws/install/actiabot/share/ament_index/resource_index/parent_prefix_path/actiabot
[0.239s] -- Up-to-date symlink: /home/saifhs/dev_ws/install/actiabot/share/actiabot/environment/ament_prefix_path.sh
[0.239s] -- Up-to-date symlink: /home/saifhs/dev_ws/install/actiabot/share/actiabot/environment/ament_prefix_path.dsv
[0.239s] -- Up-to-date symlink: /home/saifhs/dev_ws/install/actiabot/share/actiabot/environment/path.sh
[0.239s] -- Up-to-date symlink: /home/saifhs/dev_ws/install/actiabot/share/actiabot/environment/path.dsv
[0.240s] -- Up-to-date symlink: /home/saifhs/dev_ws/install/actiabot/share/actiabot/local_setup.bash
[0.240s] -- Up-to-date symlink: /home/saifhs/dev_ws/install/actiabot/share/actiabot/local_setup.sh
[0.240s] -- Up-to-date symlink: /home/saifhs/dev_ws/install/actiabot/share/actiabot/local_setup.zsh
[0.240s] -- Up-to-date symlink: /home/saifhs/dev_ws/install/actiabot/share/actiabot/local_setup.dsv
[0.240s] -- Symlinking: /home/saifhs/dev_ws/install/actiabot/share/actiabot/package.dsv
[0.248s] -- Up-to-date symlink: /home/saifhs/dev_ws/install/actiabot/share/ament_index/resource_index/packages/actiabot
[0.248s] -- Up-to-date symlink: /home/saifhs/dev_ws/install/actiabot/share/actiabot/cmake/actiabotConfig.cmake
[0.249s] -- Up-to-date symlink: /home/saifhs/dev_ws/install/actiabot/share/actiabot/cmake/actiabotConfig-version.cmake
[0.249s] -- Up-to-date symlink: /home/saifhs/dev_ws/install/actiabot/share/actiabot/package.xml
[0.251s] Invoked command in '/home/saifhs/dev_ws/build/actiabot' returned '0': CMAKE_PREFIX_PATH=${CMAKE_PREFIX_PATH}:/opt/ros/humble /usr/bin/cmake --install /home/saifhs/dev_ws/build/actiabot
