[0.028s] Invoking command in '/home/saifhs/dev_ws/build/actiabot': CMAKE_PREFIX_PATH=${CMAKE_PREFIX_PATH}:/opt/ros/humble /usr/bin/cmake --build /home/saifhs/dev_ws/build/actiabot -- -j4 -l4
[0.147s] -- Found ament_cmake: 1.3.5 (/opt/ros/humble/share/ament_cmake/cmake)
[0.322s] -- Override CMake install command with custom implementation using symlinks instead of copying resources
[0.363s] -- Found ament_lint_auto: 0.12.6 (/opt/ros/humble/share/ament_lint_auto/cmake)
[0.448s] -- Added test 'copyright' to check source files copyright and LICENSE
[0.531s] -- Added test 'cppcheck' to perform static code analysis on C / C++ code
[0.531s] -- Configured cppcheck include dirs: 
[0.531s] -- Configured cppcheck exclude dirs and/or files: 
[0.567s] -- Added test 'cpplint' to check C / C++ code against the Google style
[0.568s] -- Configured cpplint exclude dirs and/or files: 
[0.572s] -- Added test 'flake8' to check Python code syntax and style conventions
[0.580s] -- Added test 'lint_cmake' to check CMake code style
[0.584s] -- Added test 'pep257' to check Python code against some of the docstring style conventions in PEP 257
[0.629s] -- Added test 'uncrustify' to check C / C++ code style
[0.629s] -- Configured uncrustify additional arguments: 
[0.637s] -- Added test 'xmllint' to check XML markup files
[0.641s] -- Configuring done
[0.650s] -- Generating done
[0.652s] -- Build files have been written to: /home/saifhs/dev_ws/build/actiabot
[0.674s] Invoked command in '/home/saifhs/dev_ws/build/actiabot' returned '0': CMAKE_PREFIX_PATH=${CMAKE_PREFIX_PATH}:/opt/ros/humble /usr/bin/cmake --build /home/saifhs/dev_ws/build/actiabot -- -j4 -l4
[0.717s] Invoking command in '/home/saifhs/dev_ws/build/actiabot': CMAKE_PREFIX_PATH=${CMAKE_PREFIX_PATH}:/opt/ros/humble /usr/bin/cmake --install /home/saifhs/dev_ws/build/actiabot
[0.722s] -- Install configuration: ""
[0.722s] -- Execute custom install script
[0.723s] -- Up-to-date symlink: /home/saifhs/dev_ws/install/actiabot/share/actiabot/config/drive_bot.rviz
[0.723s] -- Up-to-date symlink: /home/saifhs/dev_ws/install/actiabot/share/actiabot/config/empty.yaml
[0.723s] -- Symlinking: /home/saifhs/dev_ws/install/actiabot/share/actiabot/config/my_controller.yaml
[0.733s] -- Up-to-date symlink: /home/saifhs/dev_ws/install/actiabot/share/actiabot/config/view_bot.rviz
[0.734s] -- Up-to-date symlink: /home/saifhs/dev_ws/install/actiabot/share/actiabot/description/camera.xacro
[0.736s] -- Up-to-date symlink: /home/saifhs/dev_ws/install/actiabot/share/actiabot/description/depth_camera.xacro
[0.736s] -- Up-to-date symlink: /home/saifhs/dev_ws/install/actiabot/share/actiabot/description/gazebo_control.xacro
[0.737s] -- Up-to-date symlink: /home/saifhs/dev_ws/install/actiabot/share/actiabot/description/inertial_macros.xacro
[0.737s] -- Up-to-date symlink: /home/saifhs/dev_ws/install/actiabot/share/actiabot/description/lidar.xacro
[0.738s] -- Up-to-date symlink: /home/saifhs/dev_ws/install/actiabot/share/actiabot/description/robot.urdf.xacro
[0.738s] -- Up-to-date symlink: /home/saifhs/dev_ws/install/actiabot/share/actiabot/description/robot_core.xacro
[0.739s] -- Symlinking: /home/saifhs/dev_ws/install/actiabot/share/actiabot/description/ros2_control.xacro
[0.749s] -- Up-to-date symlink: /home/saifhs/dev_ws/install/actiabot/share/actiabot/launch/launch_sim.launch.py
[0.750s] -- Up-to-date symlink: /home/saifhs/dev_ws/install/actiabot/share/actiabot/launch/rplidar.launch.py
[0.750s] -- Up-to-date symlink: /home/saifhs/dev_ws/install/actiabot/share/actiabot/launch/rsp.launch.py
[0.750s] -- Up-to-date symlink: /home/saifhs/dev_ws/install/actiabot/share/actiabot/worlds/empty.world
[0.752s] -- Up-to-date symlink: /home/saifhs/dev_ws/install/actiabot/share/actiabot/worlds/obstacles_avoidance.world
[0.752s] -- Up-to-date symlink: /home/saifhs/dev_ws/install/actiabot/share/ament_index/resource_index/package_run_dependencies/actiabot
[0.752s] -- Up-to-date symlink: /home/saifhs/dev_ws/install/actiabot/share/ament_index/resource_index/parent_prefix_path/actiabot
[0.753s] -- Up-to-date symlink: /home/saifhs/dev_ws/install/actiabot/share/actiabot/environment/ament_prefix_path.sh
[0.753s] -- Up-to-date symlink: /home/saifhs/dev_ws/install/actiabot/share/actiabot/environment/ament_prefix_path.dsv
[0.754s] -- Up-to-date symlink: /home/saifhs/dev_ws/install/actiabot/share/actiabot/environment/path.sh
[0.754s] -- Up-to-date symlink: /home/saifhs/dev_ws/install/actiabot/share/actiabot/environment/path.dsv
[0.754s] -- Up-to-date symlink: /home/saifhs/dev_ws/install/actiabot/share/actiabot/local_setup.bash
[0.755s] -- Up-to-date symlink: /home/saifhs/dev_ws/install/actiabot/share/actiabot/local_setup.sh
[0.756s] -- Up-to-date symlink: /home/saifhs/dev_ws/install/actiabot/share/actiabot/local_setup.zsh
[0.756s] -- Up-to-date symlink: /home/saifhs/dev_ws/install/actiabot/share/actiabot/local_setup.dsv
[0.756s] -- Symlinking: /home/saifhs/dev_ws/install/actiabot/share/actiabot/package.dsv
[0.765s] -- Up-to-date symlink: /home/saifhs/dev_ws/install/actiabot/share/ament_index/resource_index/packages/actiabot
[0.766s] -- Up-to-date symlink: /home/saifhs/dev_ws/install/actiabot/share/actiabot/cmake/actiabotConfig.cmake
[0.767s] -- Up-to-date symlink: /home/saifhs/dev_ws/install/actiabot/share/actiabot/cmake/actiabotConfig-version.cmake
[0.767s] -- Up-to-date symlink: /home/saifhs/dev_ws/install/actiabot/share/actiabot/package.xml
[0.769s] Invoked command in '/home/saifhs/dev_ws/build/actiabot' returned '0': CMAKE_PREFIX_PATH=${CMAKE_PREFIX_PATH}:/opt/ros/humble /usr/bin/cmake --install /home/saifhs/dev_ws/build/actiabot
