[0.225s] Invoking command in '/home/saifhs/dev_ws/build/urg_node2': CMAKE_PREFIX_PATH=${CMAKE_PREFIX_PATH}:/home/saifhs/dev_ws/install/iwr6843aop_pub:/opt/ros/humble /usr/bin/cmake --build /home/saifhs/dev_ws/build/urg_node2 -- -j4 -l4
[0.285s] [ 10%] Built target gtest_main
[0.291s] [ 20%] Built target gtest
[0.304s] [ 45%] Built target urg_node2_node
[0.304s] [ 75%] Built target urg_c
[0.341s] [ 85%] Built target urg_node2
[0.343s] [100%] Built target urg_node2_test
[0.355s] Invoked command in '/home/saifhs/dev_ws/build/urg_node2' returned '0': CMAKE_PREFIX_PATH=${CMAKE_PREFIX_PATH}:/home/saifhs/dev_ws/install/iwr6843aop_pub:/opt/ros/humble /usr/bin/cmake --build /home/saifhs/dev_ws/build/urg_node2 -- -j4 -l4
[0.460s] Invoking command in '/home/saifhs/dev_ws/build/urg_node2': CMAKE_PREFIX_PATH=${CMAKE_PREFIX_PATH}:/home/saifhs/dev_ws/install/iwr6843aop_pub:/opt/ros/humble /usr/bin/cmake --install /home/saifhs/dev_ws/build/urg_node2
[0.479s] -- Install configuration: ""
[0.482s] -- Execute custom install script
[0.483s] -- Up-to-date symlink: /home/saifhs/dev_ws/install/urg_node2/lib/urg_node2/urg_node2_node
[0.484s] -- Up-to-date symlink: /home/saifhs/dev_ws/install/urg_node2/lib/liburg_node2.so
[0.485s] -- Up-to-date symlink: /home/saifhs/dev_ws/install/urg_node2/lib/liburg_c.so
[0.486s] -- Up-to-date symlink: /home/saifhs/dev_ws/install/urg_node2/share/urg_node2/launch/urg_node2.launch.py
[0.486s] -- Up-to-date symlink: /home/saifhs/dev_ws/install/urg_node2/share/urg_node2/launch/urg_node2_2lidar.launch.py
[0.487s] -- Up-to-date symlink: /home/saifhs/dev_ws/install/urg_node2/share/urg_node2/launch/urg_node2_component.launch.py
[0.488s] -- Up-to-date symlink: /home/saifhs/dev_ws/install/urg_node2/share/urg_node2/config/params_ether.yaml
[0.488s] -- Up-to-date symlink: /home/saifhs/dev_ws/install/urg_node2/share/urg_node2/config/params_ether_2nd.yaml
[0.489s] -- Up-to-date symlink: /home/saifhs/dev_ws/install/urg_node2/share/urg_node2/config/params_serial.yaml
[0.490s] -- Up-to-date symlink: /home/saifhs/dev_ws/install/urg_node2/share/ament_index/resource_index/package_run_dependencies/urg_node2
[0.491s] -- Up-to-date symlink: /home/saifhs/dev_ws/install/urg_node2/share/ament_index/resource_index/parent_prefix_path/urg_node2
[0.491s] -- Up-to-date symlink: /home/saifhs/dev_ws/install/urg_node2/share/urg_node2/environment/ament_prefix_path.sh
[0.491s] -- Up-to-date symlink: /home/saifhs/dev_ws/install/urg_node2/share/urg_node2/environment/ament_prefix_path.dsv
[0.492s] -- Up-to-date symlink: /home/saifhs/dev_ws/install/urg_node2/share/urg_node2/environment/path.sh
[0.492s] -- Up-to-date symlink: /home/saifhs/dev_ws/install/urg_node2/share/urg_node2/environment/path.dsv
[0.492s] -- Up-to-date symlink: /home/saifhs/dev_ws/install/urg_node2/share/urg_node2/local_setup.bash
[0.493s] -- Up-to-date symlink: /home/saifhs/dev_ws/install/urg_node2/share/urg_node2/local_setup.sh
[0.493s] -- Up-to-date symlink: /home/saifhs/dev_ws/install/urg_node2/share/urg_node2/local_setup.zsh
[0.493s] -- Up-to-date symlink: /home/saifhs/dev_ws/install/urg_node2/share/urg_node2/local_setup.dsv
[0.494s] -- Symlinking: /home/saifhs/dev_ws/install/urg_node2/share/urg_node2/package.dsv
[0.508s] -- Up-to-date symlink: /home/saifhs/dev_ws/install/urg_node2/share/ament_index/resource_index/packages/urg_node2
[0.508s] -- Up-to-date symlink: /home/saifhs/dev_ws/install/urg_node2/share/ament_index/resource_index/rclcpp_components/urg_node2
[0.508s] -- Up-to-date symlink: /home/saifhs/dev_ws/install/urg_node2/share/urg_node2/cmake/urg_node2Config.cmake
[0.509s] -- Up-to-date symlink: /home/saifhs/dev_ws/install/urg_node2/share/urg_node2/cmake/urg_node2Config-version.cmake
[0.509s] -- Up-to-date symlink: /home/saifhs/dev_ws/install/urg_node2/share/urg_node2/package.xml
[0.512s] Invoked command in '/home/saifhs/dev_ws/build/urg_node2' returned '0': CMAKE_PREFIX_PATH=${CMAKE_PREFIX_PATH}:/home/saifhs/dev_ws/install/iwr6843aop_pub:/opt/ros/humble /usr/bin/cmake --install /home/saifhs/dev_ws/build/urg_node2
