[0.023s] Invoking command in '/home/saifhs/dev_ws/build/actiabot': CMAKE_PREFIX_PATH=${CMAKE_PREFIX_PATH}:/opt/ros/humble /usr/bin/cmake --build /home/saifhs/dev_ws/build/actiabot -- -j4 -l4
[0.076s] Invoked command in '/home/saifhs/dev_ws/build/actiabot' returned '0': CMAKE_PREFIX_PATH=${CMAKE_PREFIX_PATH}:/opt/ros/humble /usr/bin/cmake --build /home/saifhs/dev_ws/build/actiabot -- -j4 -l4
[0.154s] Invoking command in '/home/saifhs/dev_ws/build/actiabot': CMAKE_PREFIX_PATH=${CMAKE_PREFIX_PATH}:/opt/ros/humble /usr/bin/cmake --install /home/saifhs/dev_ws/build/actiabot
[0.161s] -- Install configuration: ""
[0.161s] -- Execute custom install script
[0.162s] -- Up-to-date symlink: /home/saifhs/dev_ws/install/actiabot/share/actiabot/config/drive_bot.rviz
[0.162s] -- Up-to-date symlink: /home/saifhs/dev_ws/install/actiabot/share/actiabot/config/empty.yaml
[0.162s] -- Symlinking: /home/saifhs/dev_ws/install/actiabot/share/actiabot/config/my_controllers.yaml
[0.171s] -- Up-to-date symlink: /home/saifhs/dev_ws/install/actiabot/share/actiabot/config/view_bot.rviz
[0.171s] -- Up-to-date symlink: /home/saifhs/dev_ws/install/actiabot/share/actiabot/description/camera.xacro
[0.171s] -- Up-to-date symlink: /home/saifhs/dev_ws/install/actiabot/share/actiabot/description/depth_camera.xacro
[0.172s] -- Up-to-date symlink: /home/saifhs/dev_ws/install/actiabot/share/actiabot/description/gazebo_control.xacro
[0.172s] -- Up-to-date symlink: /home/saifhs/dev_ws/install/actiabot/share/actiabot/description/inertial_macros.xacro
[0.172s] -- Up-to-date symlink: /home/saifhs/dev_ws/install/actiabot/share/actiabot/description/lidar.xacro
[0.172s] -- Up-to-date symlink: /home/saifhs/dev_ws/install/actiabot/share/actiabot/description/robot.urdf.xacro
[0.172s] -- Up-to-date symlink: /home/saifhs/dev_ws/install/actiabot/share/actiabot/description/robot_core.xacro
[0.173s] -- Up-to-date symlink: /home/saifhs/dev_ws/install/actiabot/share/actiabot/description/ros2_control.xacro
[0.173s] -- Up-to-date symlink: /home/saifhs/dev_ws/install/actiabot/share/actiabot/launch/launch_sim.launch.py
[0.173s] -- Up-to-date symlink: /home/saifhs/dev_ws/install/actiabot/share/actiabot/launch/rplidar.launch.py
[0.173s] -- Up-to-date symlink: /home/saifhs/dev_ws/install/actiabot/share/actiabot/launch/rsp.launch.py
[0.173s] -- Up-to-date symlink: /home/saifhs/dev_ws/install/actiabot/share/actiabot/worlds/empty.world
[0.173s] -- Up-to-date symlink: /home/saifhs/dev_ws/install/actiabot/share/actiabot/worlds/obstacles_avoidance.world
[0.173s] -- Up-to-date symlink: /home/saifhs/dev_ws/install/actiabot/share/ament_index/resource_index/package_run_dependencies/actiabot
[0.174s] -- Up-to-date symlink: /home/saifhs/dev_ws/install/actiabot/share/ament_index/resource_index/parent_prefix_path/actiabot
[0.174s] -- Up-to-date symlink: /home/saifhs/dev_ws/install/actiabot/share/actiabot/environment/ament_prefix_path.sh
[0.174s] -- Up-to-date symlink: /home/saifhs/dev_ws/install/actiabot/share/actiabot/environment/ament_prefix_path.dsv
[0.174s] -- Up-to-date symlink: /home/saifhs/dev_ws/install/actiabot/share/actiabot/environment/path.sh
[0.175s] -- Up-to-date symlink: /home/saifhs/dev_ws/install/actiabot/share/actiabot/environment/path.dsv
[0.175s] -- Up-to-date symlink: /home/saifhs/dev_ws/install/actiabot/share/actiabot/local_setup.bash
[0.175s] -- Up-to-date symlink: /home/saifhs/dev_ws/install/actiabot/share/actiabot/local_setup.sh
[0.175s] -- Up-to-date symlink: /home/saifhs/dev_ws/install/actiabot/share/actiabot/local_setup.zsh
[0.176s] -- Up-to-date symlink: /home/saifhs/dev_ws/install/actiabot/share/actiabot/local_setup.dsv
[0.176s] -- Symlinking: /home/saifhs/dev_ws/install/actiabot/share/actiabot/package.dsv
[0.185s] -- Up-to-date symlink: /home/saifhs/dev_ws/install/actiabot/share/ament_index/resource_index/packages/actiabot
[0.185s] -- Up-to-date symlink: /home/saifhs/dev_ws/install/actiabot/share/actiabot/cmake/actiabotConfig.cmake
[0.186s] -- Up-to-date symlink: /home/saifhs/dev_ws/install/actiabot/share/actiabot/cmake/actiabotConfig-version.cmake
[0.186s] -- Up-to-date symlink: /home/saifhs/dev_ws/install/actiabot/share/actiabot/package.xml
[0.188s] Invoked command in '/home/saifhs/dev_ws/build/actiabot' returned '0': CMAKE_PREFIX_PATH=${CMAKE_PREFIX_PATH}:/opt/ros/humble /usr/bin/cmake --install /home/saifhs/dev_ws/build/actiabot
