[0.011s] Invoking command in '/home/saifhs/dev_ws/build/actiabot': CMAKE_PREFIX_PATH=${CMAKE_PREFIX_PATH}:/opt/ros/humble /usr/bin/cmake --build /home/saifhs/dev_ws/build/actiabot -- -j4 -l4
[0.050s] Invoked command in '/home/saifhs/dev_ws/build/actiabot' returned '0': CMAKE_PREFIX_PATH=${CMAKE_PREFIX_PATH}:/opt/ros/humble /usr/bin/cmake --build /home/saifhs/dev_ws/build/actiabot -- -j4 -l4
[0.086s] Invoking command in '/home/saifhs/dev_ws/build/actiabot': CMAKE_PREFIX_PATH=${CMAKE_PREFIX_PATH}:/opt/ros/humble /usr/bin/cmake --install /home/saifhs/dev_ws/build/actiabot
[0.091s] -- Install configuration: ""
[0.092s] -- Execute custom install script
[0.092s] -- Up-to-date symlink: /home/saifhs/dev_ws/install/actiabot/share/actiabot/config/drive_bot.rviz
[0.092s] -- Up-to-date symlink: /home/saifhs/dev_ws/install/actiabot/share/actiabot/config/empty.yaml
[0.092s] -- Up-to-date symlink: /home/saifhs/dev_ws/install/actiabot/share/actiabot/config/view_bot.rviz
[0.092s] -- Symlinking: /home/saifhs/dev_ws/install/actiabot/share/actiabot/description/camera.xacro
[0.099s] -- Up-to-date symlink: /home/saifhs/dev_ws/install/actiabot/share/actiabot/description/gazebo_control.xacro
[0.099s] -- Up-to-date symlink: /home/saifhs/dev_ws/install/actiabot/share/actiabot/description/inertial_macros.xacro
[0.099s] -- Up-to-date symlink: /home/saifhs/dev_ws/install/actiabot/share/actiabot/description/lidar.xacro
[0.099s] -- Up-to-date symlink: /home/saifhs/dev_ws/install/actiabot/share/actiabot/description/robot.urdf.xacro
[0.099s] -- Up-to-date symlink: /home/saifhs/dev_ws/install/actiabot/share/actiabot/description/robot_core.xacro
[0.099s] -- Up-to-date symlink: /home/saifhs/dev_ws/install/actiabot/share/actiabot/launch/launch_sim.launch.py
[0.099s] -- Symlinking: /home/saifhs/dev_ws/install/actiabot/share/actiabot/launch/rplidar.launch.py
[0.106s] -- Up-to-date symlink: /home/saifhs/dev_ws/install/actiabot/share/actiabot/launch/rsp.launch.py
[0.106s] -- Up-to-date symlink: /home/saifhs/dev_ws/install/actiabot/share/actiabot/worlds/empty.world
[0.107s] -- Up-to-date symlink: /home/saifhs/dev_ws/install/actiabot/share/actiabot/worlds/obstacles_avoidance.world
[0.107s] -- Up-to-date symlink: /home/saifhs/dev_ws/install/actiabot/share/ament_index/resource_index/package_run_dependencies/actiabot
[0.107s] -- Up-to-date symlink: /home/saifhs/dev_ws/install/actiabot/share/ament_index/resource_index/parent_prefix_path/actiabot
[0.107s] -- Up-to-date symlink: /home/saifhs/dev_ws/install/actiabot/share/actiabot/environment/ament_prefix_path.sh
[0.107s] -- Up-to-date symlink: /home/saifhs/dev_ws/install/actiabot/share/actiabot/environment/ament_prefix_path.dsv
[0.107s] -- Up-to-date symlink: /home/saifhs/dev_ws/install/actiabot/share/actiabot/environment/path.sh
[0.107s] -- Up-to-date symlink: /home/saifhs/dev_ws/install/actiabot/share/actiabot/environment/path.dsv
[0.107s] -- Up-to-date symlink: /home/saifhs/dev_ws/install/actiabot/share/actiabot/local_setup.bash
[0.108s] -- Up-to-date symlink: /home/saifhs/dev_ws/install/actiabot/share/actiabot/local_setup.sh
[0.108s] -- Up-to-date symlink: /home/saifhs/dev_ws/install/actiabot/share/actiabot/local_setup.zsh
[0.108s] -- Up-to-date symlink: /home/saifhs/dev_ws/install/actiabot/share/actiabot/local_setup.dsv
[0.108s] -- Symlinking: /home/saifhs/dev_ws/install/actiabot/share/actiabot/package.dsv
[0.115s] -- Up-to-date symlink: /home/saifhs/dev_ws/install/actiabot/share/ament_index/resource_index/packages/actiabot
[0.115s] -- Up-to-date symlink: /home/saifhs/dev_ws/install/actiabot/share/actiabot/cmake/actiabotConfig.cmake
[0.116s] -- Up-to-date symlink: /home/saifhs/dev_ws/install/actiabot/share/actiabot/cmake/actiabotConfig-version.cmake
[0.116s] -- Up-to-date symlink: /home/saifhs/dev_ws/install/actiabot/share/actiabot/package.xml
[0.118s] Invoked command in '/home/saifhs/dev_ws/build/actiabot' returned '0': CMAKE_PREFIX_PATH=${CMAKE_PREFIX_PATH}:/opt/ros/humble /usr/bin/cmake --install /home/saifhs/dev_ws/build/actiabot
