[35m[1mConsolidate compiler generated dependencies of target urg_node2_node[0m
[35m[1mConsolidate compiler generated dependencies of target urg_c[0m
[35m[1mConsolidate compiler generated dependencies of target gtest_main[0m
[35m[1mConsolidate compiler generated dependencies of target gtest[0m
[ 45%] Built target urg_c
[ 55%] Built target urg_node2_node
[ 65%] Built target gtest_main
[ 75%] Built target gtest
[35m[1mConsolidate compiler generated dependencies of target urg_node2[0m
[35m[1mConsolidate compiler generated dependencies of target urg_node2_test[0m
[ 85%] Built target urg_node2
[100%] Built target urg_node2_test
-- Install configuration: ""
-- Execute custom install script
-- Symlinking: /home/saifhs/dev_ws/install/urg_node2/lib/urg_node2/urg_node2_node
-- Symlinking: /home/saifhs/dev_ws/install/urg_node2/lib/liburg_node2.so
-- Symlinking: /home/saifhs/dev_ws/install/urg_node2/lib/liburg_c.so
-- Symlinking: /home/saifhs/dev_ws/install/urg_node2/share/urg_node2/launch/urg_node2.launch.py
-- Symlinking: /home/saifhs/dev_ws/install/urg_node2/share/urg_node2/launch/urg_node2_2lidar.launch.py
-- Symlinking: /home/saifhs/dev_ws/install/urg_node2/share/urg_node2/launch/urg_node2_component.launch.py
-- Symlinking: /home/saifhs/dev_ws/install/urg_node2/share/urg_node2/config/params_ether.yaml
-- Symlinking: /home/saifhs/dev_ws/install/urg_node2/share/urg_node2/config/params_ether_2nd.yaml
-- Symlinking: /home/saifhs/dev_ws/install/urg_node2/share/urg_node2/config/params_serial.yaml
-- Symlinking: /home/saifhs/dev_ws/install/urg_node2/share/ament_index/resource_index/package_run_dependencies/urg_node2
-- Symlinking: /home/saifhs/dev_ws/install/urg_node2/share/ament_index/resource_index/parent_prefix_path/urg_node2
-- Symlinking: /home/saifhs/dev_ws/install/urg_node2/share/urg_node2/environment/ament_prefix_path.sh
-- Symlinking: /home/saifhs/dev_ws/install/urg_node2/share/urg_node2/environment/ament_prefix_path.dsv
-- Symlinking: /home/saifhs/dev_ws/install/urg_node2/share/urg_node2/environment/path.sh
-- Symlinking: /home/saifhs/dev_ws/install/urg_node2/share/urg_node2/environment/path.dsv
-- Symlinking: /home/saifhs/dev_ws/install/urg_node2/share/urg_node2/local_setup.bash
-- Symlinking: /home/saifhs/dev_ws/install/urg_node2/share/urg_node2/local_setup.sh
-- Symlinking: /home/saifhs/dev_ws/install/urg_node2/share/urg_node2/local_setup.zsh
-- Symlinking: /home/saifhs/dev_ws/install/urg_node2/share/urg_node2/local_setup.dsv
-- Symlinking: /home/saifhs/dev_ws/install/urg_node2/share/urg_node2/package.dsv
-- Symlinking: /home/saifhs/dev_ws/install/urg_node2/share/ament_index/resource_index/packages/urg_node2
-- Symlinking: /home/saifhs/dev_ws/install/urg_node2/share/ament_index/resource_index/rclcpp_components/urg_node2
-- Symlinking: /home/saifhs/dev_ws/install/urg_node2/share/urg_node2/cmake/urg_node2Config.cmake
-- Symlinking: /home/saifhs/dev_ws/install/urg_node2/share/urg_node2/cmake/urg_node2Config-version.cmake
-- Symlinking: /home/saifhs/dev_ws/install/urg_node2/share/urg_node2/package.xml
