[0.244s] DEBUG:colcon:Command line arguments: ['/usr/bin/colcon', 'build', '--symlink-install']
[0.244s] DEBUG:colcon:Parsed command line arguments: Namespace(log_base=None, log_level=None, verb_name='build', build_base='build', install_base='install', merge_install=False, symlink_install=True, test_result_base=None, continue_on_error=False, executor='parallel', parallel_workers=4, event_handlers=None, ignore_user_meta=False, metas=['./colcon.meta'], base_paths=['.'], packages_ignore=None, packages_ignore_regex=None, paths=None, packages_up_to=None, packages_up_to_regex=None, packages_above=None, packages_above_and_dependencies=None, packages_above_depth=None, packages_select_by_dep=None, packages_skip_by_dep=None, packages_skip_up_to=None, packages_select_build_failed=False, packages_skip_build_finished=False, packages_select_test_failures=False, packages_skip_test_passed=False, packages_select=None, packages_skip=None, packages_select_regex=None, packages_skip_regex=None, packages_start=None, packages_end=None, allow_overriding=[], cmake_args=None, cmake_target=None, cmake_target_skip_unavailable=False, cmake_clean_cache=False, cmake_clean_first=False, cmake_force_configure=False, ament_cmake_args=None, catkin_cmake_args=None, catkin_skip_building_tests=False, verb_parser=<colcon_defaults.argument_parser.defaults.DefaultArgumentsDecorator object at 0x7fdbfeeaec50>, verb_extension=<colcon_core.verb.build.BuildVerb object at 0x7fdbfefffbb0>, main=<bound method BuildVerb.main of <colcon_core.verb.build.BuildVerb object at 0x7fdbfefffbb0>>)
[0.266s] Level 1:colcon.colcon_core.package_discovery:discover_packages(colcon_meta) check parameters
[0.266s] Level 1:colcon.colcon_core.package_discovery:discover_packages(recursive) check parameters
[0.266s] Level 1:colcon.colcon_core.package_discovery:discover_packages(ignore) check parameters
[0.266s] Level 1:colcon.colcon_core.package_discovery:discover_packages(path) check parameters
[0.266s] Level 1:colcon.colcon_core.package_discovery:discover_packages(colcon_meta) discover
[0.266s] Level 1:colcon.colcon_core.package_discovery:discover_packages(recursive) discover
[0.266s] INFO:colcon.colcon_core.package_discovery:Crawling recursively for packages in '/home/saifhs/dev_ws'
[0.266s] Level 1:colcon.colcon_core.package_identification:_identify(.) by extensions ['ignore', 'ignore_ament_install']
[0.266s] Level 1:colcon.colcon_core.package_identification:_identify(.) by extension 'ignore'
[0.266s] Level 1:colcon.colcon_core.package_identification:_identify(.) by extension 'ignore_ament_install'
[0.266s] Level 1:colcon.colcon_core.package_identification:_identify(.) by extensions ['colcon_pkg']
[0.266s] Level 1:colcon.colcon_core.package_identification:_identify(.) by extension 'colcon_pkg'
[0.267s] Level 1:colcon.colcon_core.package_identification:_identify(.) by extensions ['colcon_meta']
[0.267s] Level 1:colcon.colcon_core.package_identification:_identify(.) by extension 'colcon_meta'
[0.267s] Level 1:colcon.colcon_core.package_identification:_identify(.) by extensions ['ros']
[0.267s] Level 1:colcon.colcon_core.package_identification:_identify(.) by extension 'ros'
[0.275s] Level 1:colcon.colcon_core.package_identification:_identify(.) by extensions ['cmake', 'python']
[0.275s] Level 1:colcon.colcon_core.package_identification:_identify(.) by extension 'cmake'
[0.275s] Level 1:colcon.colcon_core.package_identification:_identify(.) by extension 'python'
[0.275s] Level 1:colcon.colcon_core.package_identification:_identify(.) by extensions ['python_setup_py']
[0.275s] Level 1:colcon.colcon_core.package_identification:_identify(.) by extension 'python_setup_py'
[0.275s] Level 1:colcon.colcon_core.package_identification:_identify(build) by extensions ['ignore', 'ignore_ament_install']
[0.275s] Level 1:colcon.colcon_core.package_identification:_identify(build) by extension 'ignore'
[0.275s] Level 1:colcon.colcon_core.package_identification:_identify(build) ignored
[0.275s] Level 1:colcon.colcon_core.package_identification:_identify(install) by extensions ['ignore', 'ignore_ament_install']
[0.275s] Level 1:colcon.colcon_core.package_identification:_identify(install) by extension 'ignore'
[0.275s] Level 1:colcon.colcon_core.package_identification:_identify(install) ignored
[0.275s] Level 1:colcon.colcon_core.package_identification:_identify(log) by extensions ['ignore', 'ignore_ament_install']
[0.275s] Level 1:colcon.colcon_core.package_identification:_identify(log) by extension 'ignore'
[0.275s] Level 1:colcon.colcon_core.package_identification:_identify(log) ignored
[0.276s] Level 1:colcon.colcon_core.package_identification:_identify(src) by extensions ['ignore', 'ignore_ament_install']
[0.276s] Level 1:colcon.colcon_core.package_identification:_identify(src) by extension 'ignore'
[0.276s] Level 1:colcon.colcon_core.package_identification:_identify(src) by extension 'ignore_ament_install'
[0.276s] Level 1:colcon.colcon_core.package_identification:_identify(src) by extensions ['colcon_pkg']
[0.276s] Level 1:colcon.colcon_core.package_identification:_identify(src) by extension 'colcon_pkg'
[0.276s] Level 1:colcon.colcon_core.package_identification:_identify(src) by extensions ['colcon_meta']
[0.276s] Level 1:colcon.colcon_core.package_identification:_identify(src) by extension 'colcon_meta'
[0.276s] Level 1:colcon.colcon_core.package_identification:_identify(src) by extensions ['ros']
[0.276s] Level 1:colcon.colcon_core.package_identification:_identify(src) by extension 'ros'
[0.276s] Level 1:colcon.colcon_core.package_identification:_identify(src) by extensions ['cmake', 'python']
[0.276s] Level 1:colcon.colcon_core.package_identification:_identify(src) by extension 'cmake'
[0.276s] Level 1:colcon.colcon_core.package_identification:_identify(src) by extension 'python'
[0.276s] Level 1:colcon.colcon_core.package_identification:_identify(src) by extensions ['python_setup_py']
[0.276s] Level 1:colcon.colcon_core.package_identification:_identify(src) by extension 'python_setup_py'
[0.276s] Level 1:colcon.colcon_core.package_identification:_identify(src/actiabot) by extensions ['ignore', 'ignore_ament_install']
[0.276s] Level 1:colcon.colcon_core.package_identification:_identify(src/actiabot) by extension 'ignore'
[0.276s] Level 1:colcon.colcon_core.package_identification:_identify(src/actiabot) by extension 'ignore_ament_install'
[0.276s] Level 1:colcon.colcon_core.package_identification:_identify(src/actiabot) by extensions ['colcon_pkg']
[0.276s] Level 1:colcon.colcon_core.package_identification:_identify(src/actiabot) by extension 'colcon_pkg'
[0.276s] Level 1:colcon.colcon_core.package_identification:_identify(src/actiabot) by extensions ['colcon_meta']
[0.276s] Level 1:colcon.colcon_core.package_identification:_identify(src/actiabot) by extension 'colcon_meta'
[0.276s] Level 1:colcon.colcon_core.package_identification:_identify(src/actiabot) by extensions ['ros']
[0.276s] Level 1:colcon.colcon_core.package_identification:_identify(src/actiabot) by extension 'ros'
[0.278s] DEBUG:colcon.colcon_core.package_identification:Package 'src/actiabot' with type 'ros.ament_cmake' and name 'actiabot'
[0.278s] Level 1:colcon.colcon_core.package_discovery:discover_packages(recursive) using defaults
[0.278s] Level 1:colcon.colcon_core.package_discovery:discover_packages(ignore) discover
[0.278s] Level 1:colcon.colcon_core.package_discovery:discover_packages(ignore) using defaults
[0.278s] Level 1:colcon.colcon_core.package_discovery:discover_packages(path) discover
[0.278s] Level 1:colcon.colcon_core.package_discovery:discover_packages(path) using defaults
[0.301s] Level 1:colcon.colcon_core.package_discovery:discover_packages(prefix_path) check parameters
[0.301s] Level 1:colcon.colcon_core.package_discovery:discover_packages(prefix_path) discover
[0.303s] DEBUG:colcon.colcon_installed_package_information.package_discovery:Found 2 installed packages in /home/saifhs/dev_ws/install
[0.303s] DEBUG:colcon.colcon_installed_package_information.package_discovery:Found 1 installed packages in /home/saifhs/dev_ws/src/actiabot/install
[0.305s] DEBUG:colcon.colcon_installed_package_information.package_discovery:Found 323 installed packages in /opt/ros/humble
[0.306s] Level 1:colcon.colcon_core.package_discovery:discover_packages(prefix_path) using defaults
[0.357s] Level 5:colcon.colcon_core.verb:set package 'actiabot' build argument 'cmake_args' from command line to 'None'
[0.357s] Level 5:colcon.colcon_core.verb:set package 'actiabot' build argument 'cmake_target' from command line to 'None'
[0.357s] Level 5:colcon.colcon_core.verb:set package 'actiabot' build argument 'cmake_target_skip_unavailable' from command line to 'False'
[0.357s] Level 5:colcon.colcon_core.verb:set package 'actiabot' build argument 'cmake_clean_cache' from command line to 'False'
[0.357s] Level 5:colcon.colcon_core.verb:set package 'actiabot' build argument 'cmake_clean_first' from command line to 'False'
[0.357s] Level 5:colcon.colcon_core.verb:set package 'actiabot' build argument 'cmake_force_configure' from command line to 'False'
[0.357s] Level 5:colcon.colcon_core.verb:set package 'actiabot' build argument 'ament_cmake_args' from command line to 'None'
[0.357s] Level 5:colcon.colcon_core.verb:set package 'actiabot' build argument 'catkin_cmake_args' from command line to 'None'
[0.357s] Level 5:colcon.colcon_core.verb:set package 'actiabot' build argument 'catkin_skip_building_tests' from command line to 'False'
[0.357s] DEBUG:colcon.colcon_core.verb:Building package 'actiabot' with the following arguments: {'ament_cmake_args': None, 'build_base': '/home/saifhs/dev_ws/build/actiabot', 'catkin_cmake_args': None, 'catkin_skip_building_tests': False, 'cmake_args': None, 'cmake_clean_cache': False, 'cmake_clean_first': False, 'cmake_force_configure': False, 'cmake_target': None, 'cmake_target_skip_unavailable': False, 'install_base': '/home/saifhs/dev_ws/install/actiabot', 'merge_install': False, 'path': '/home/saifhs/dev_ws/src/actiabot', 'symlink_install': True, 'test_result_base': None}
[0.358s] INFO:colcon.colcon_core.executor:Executing jobs using 'parallel' executor
[0.360s] DEBUG:colcon.colcon_parallel_executor.executor.parallel:run_until_complete
[0.360s] INFO:colcon.colcon_ros.task.ament_cmake.build:Building ROS package in '/home/saifhs/dev_ws/src/actiabot' with build type 'ament_cmake'
[0.360s] INFO:colcon.colcon_cmake.task.cmake.build:Building CMake package in '/home/saifhs/dev_ws/src/actiabot'
[0.364s] INFO:colcon.colcon_core.plugin_system:Skipping extension 'colcon_core.shell.bat': Not used on non-Windows systems
[0.364s] INFO:colcon.colcon_core.shell:Skip shell extension 'powershell' for command environment: Not usable outside of PowerShell
[0.364s] DEBUG:colcon.colcon_core.shell:Skip shell extension 'dsv' for command environment
[0.378s] DEBUG:colcon.colcon_core.event_handler.log_command:Invoking command in '/home/saifhs/dev_ws/build/actiabot': CMAKE_PREFIX_PATH=${CMAKE_PREFIX_PATH}:/opt/ros/humble /usr/bin/cmake --build /home/saifhs/dev_ws/build/actiabot -- -j4 -l4
[0.416s] DEBUG:colcon.colcon_core.event_handler.log_command:Invoked command in '/home/saifhs/dev_ws/build/actiabot' returned '0': CMAKE_PREFIX_PATH=${CMAKE_PREFIX_PATH}:/opt/ros/humble /usr/bin/cmake --build /home/saifhs/dev_ws/build/actiabot -- -j4 -l4
[0.455s] DEBUG:colcon.colcon_core.event_handler.log_command:Invoking command in '/home/saifhs/dev_ws/build/actiabot': CMAKE_PREFIX_PATH=${CMAKE_PREFIX_PATH}:/opt/ros/humble /usr/bin/cmake --install /home/saifhs/dev_ws/build/actiabot
[0.483s] Level 1:colcon.colcon_core.environment:create_environment_scripts_only(actiabot)
[0.484s] DEBUG:colcon.colcon_core.event_handler.log_command:Invoked command in '/home/saifhs/dev_ws/build/actiabot' returned '0': CMAKE_PREFIX_PATH=${CMAKE_PREFIX_PATH}:/opt/ros/humble /usr/bin/cmake --install /home/saifhs/dev_ws/build/actiabot
[0.488s] Level 1:colcon.colcon_core.environment:checking '/home/saifhs/dev_ws/install/actiabot' for CMake module files
[0.489s] Level 1:colcon.colcon_core.environment:checking '/home/saifhs/dev_ws/install/actiabot' for CMake config files
[0.489s] Level 1:colcon.colcon_core.shell:create_environment_hook('actiabot', 'cmake_prefix_path')
[0.491s] INFO:colcon.colcon_core.shell:Creating environment hook '/home/saifhs/dev_ws/install/actiabot/share/actiabot/hook/cmake_prefix_path.ps1'
[0.492s] INFO:colcon.colcon_core.shell:Creating environment descriptor '/home/saifhs/dev_ws/install/actiabot/share/actiabot/hook/cmake_prefix_path.dsv'
[0.492s] INFO:colcon.colcon_core.shell:Creating environment hook '/home/saifhs/dev_ws/install/actiabot/share/actiabot/hook/cmake_prefix_path.sh'
[0.494s] Level 1:colcon.colcon_core.environment:checking '/home/saifhs/dev_ws/install/actiabot/bin'
[0.494s] Level 1:colcon.colcon_core.environment:checking '/home/saifhs/dev_ws/install/actiabot/lib/pkgconfig/actiabot.pc'
[0.494s] Level 1:colcon.colcon_core.environment:checking '/home/saifhs/dev_ws/install/actiabot/lib/python3.10/site-packages'
[0.494s] Level 1:colcon.colcon_core.environment:checking '/home/saifhs/dev_ws/install/actiabot/bin'
[0.495s] INFO:colcon.colcon_core.shell:Creating package script '/home/saifhs/dev_ws/install/actiabot/share/actiabot/package.ps1'
[0.496s] INFO:colcon.colcon_core.shell:Creating package descriptor '/home/saifhs/dev_ws/install/actiabot/share/actiabot/package.dsv'
[0.496s] INFO:colcon.colcon_core.shell:Creating package script '/home/saifhs/dev_ws/install/actiabot/share/actiabot/package.sh'
[0.497s] INFO:colcon.colcon_core.shell:Creating package script '/home/saifhs/dev_ws/install/actiabot/share/actiabot/package.bash'
[0.497s] INFO:colcon.colcon_core.shell:Creating package script '/home/saifhs/dev_ws/install/actiabot/share/actiabot/package.zsh'
[0.498s] Level 1:colcon.colcon_core.environment:create_file_with_runtime_dependencies(/home/saifhs/dev_ws/install/actiabot/share/colcon-core/packages/actiabot)
[0.531s] Level 1:colcon.colcon_core.environment:create_environment_scripts_only(actiabot)
[0.532s] Level 1:colcon.colcon_core.environment:checking '/home/saifhs/dev_ws/install/actiabot' for CMake module files
[0.533s] Level 1:colcon.colcon_core.environment:checking '/home/saifhs/dev_ws/install/actiabot' for CMake config files
[0.533s] Level 1:colcon.colcon_core.shell:create_environment_hook('actiabot', 'cmake_prefix_path')
[0.534s] INFO:colcon.colcon_core.shell:Creating environment hook '/home/saifhs/dev_ws/install/actiabot/share/actiabot/hook/cmake_prefix_path.ps1'
[0.534s] INFO:colcon.colcon_core.shell:Creating environment descriptor '/home/saifhs/dev_ws/install/actiabot/share/actiabot/hook/cmake_prefix_path.dsv'
[0.535s] INFO:colcon.colcon_core.shell:Creating environment hook '/home/saifhs/dev_ws/install/actiabot/share/actiabot/hook/cmake_prefix_path.sh'
[0.535s] Level 1:colcon.colcon_core.environment:checking '/home/saifhs/dev_ws/install/actiabot/bin'
[0.535s] Level 1:colcon.colcon_core.environment:checking '/home/saifhs/dev_ws/install/actiabot/lib/pkgconfig/actiabot.pc'
[0.535s] Level 1:colcon.colcon_core.environment:checking '/home/saifhs/dev_ws/install/actiabot/lib/python3.10/site-packages'
[0.535s] Level 1:colcon.colcon_core.environment:checking '/home/saifhs/dev_ws/install/actiabot/bin'
[0.536s] INFO:colcon.colcon_core.shell:Creating package script '/home/saifhs/dev_ws/install/actiabot/share/actiabot/package.ps1'
[0.537s] INFO:colcon.colcon_core.shell:Creating package descriptor '/home/saifhs/dev_ws/install/actiabot/share/actiabot/package.dsv'
[0.537s] INFO:colcon.colcon_core.shell:Creating package script '/home/saifhs/dev_ws/install/actiabot/share/actiabot/package.sh'
[0.537s] INFO:colcon.colcon_core.shell:Creating package script '/home/saifhs/dev_ws/install/actiabot/share/actiabot/package.bash'
[0.538s] INFO:colcon.colcon_core.shell:Creating package script '/home/saifhs/dev_ws/install/actiabot/share/actiabot/package.zsh'
[0.538s] Level 1:colcon.colcon_core.environment:create_file_with_runtime_dependencies(/home/saifhs/dev_ws/install/actiabot/share/colcon-core/packages/actiabot)
[0.538s] DEBUG:colcon.colcon_parallel_executor.executor.parallel:closing loop
[0.539s] DEBUG:colcon.colcon_parallel_executor.executor.parallel:loop closed
[0.539s] DEBUG:colcon.colcon_parallel_executor.executor.parallel:run_until_complete finished with '0'
[0.539s] DEBUG:colcon.colcon_core.event_reactor:joining thread
[0.544s] INFO:colcon.colcon_core.plugin_system:Skipping extension 'colcon_notification.desktop_notification.terminal_notifier': Not used on non-Darwin systems
[0.544s] INFO:colcon.colcon_core.plugin_system:Skipping extension 'colcon_notification.desktop_notification.win32': Not used on non-Windows systems
[0.544s] INFO:colcon.colcon_notification.desktop_notification:Sending desktop notification using 'notify2'
[0.558s] DEBUG:colcon.colcon_core.event_reactor:joined thread
[0.559s] INFO:colcon.colcon_core.shell:Creating prefix script '/home/saifhs/dev_ws/install/local_setup.ps1'
[0.561s] INFO:colcon.colcon_core.shell:Creating prefix util module '/home/saifhs/dev_ws/install/_local_setup_util_ps1.py'
[0.562s] INFO:colcon.colcon_core.shell:Creating prefix chain script '/home/saifhs/dev_ws/install/setup.ps1'
[0.566s] INFO:colcon.colcon_core.shell:Creating prefix script '/home/saifhs/dev_ws/install/local_setup.sh'
[0.566s] INFO:colcon.colcon_core.shell:Creating prefix util module '/home/saifhs/dev_ws/install/_local_setup_util_sh.py'
[0.568s] INFO:colcon.colcon_core.shell:Creating prefix chain script '/home/saifhs/dev_ws/install/setup.sh'
[0.569s] INFO:colcon.colcon_core.shell:Creating prefix script '/home/saifhs/dev_ws/install/local_setup.bash'
[0.569s] INFO:colcon.colcon_core.shell:Creating prefix chain script '/home/saifhs/dev_ws/install/setup.bash'
[0.570s] INFO:colcon.colcon_core.shell:Creating prefix script '/home/saifhs/dev_ws/install/local_setup.zsh'
[0.571s] INFO:colcon.colcon_core.shell:Creating prefix chain script '/home/saifhs/dev_ws/install/setup.zsh'
